<?xml version="1.0" encoding="UTF-8"?>
<!-- Generated by org.testng.reporters.JUnitReportReporter -->
<testsuite hostname="QT-INBG-LT0236" failures="0" tests="2" name="mobileWorld.login" time="14.118" errors="0" timestamp="2022-06-17T06:36:18 IST" skipped="0">
  <testcase classname="mobileWorld.login" name="Lanching_the_Browser" time="7.568"/>
  <system-out/>
  <testcase classname="mobileWorld.login" name="Sigup_for_mobiles" time="6.550"/>
  <system-out/>
</testsuite> <!-- mobileWorld.login -->
