<?xml version="1.0" encoding="UTF-8"?>
<!-- Generated by org.testng.reporters.JUnitReportReporter -->
<testsuite hostname="QT-INBG-LT0236" failures="0" tests="3" name="mobileWorld.order" time="17.992" errors="0" timestamp="2022-06-17T07:10:08 IST" skipped="0">
  <testcase classname="mobileWorld.order" name="Lanching_the_Browser" time="8.326"/>
  <system-out/>
  <testcase classname="mobileWorld.order" name="search" time="3.317"/>
  <system-out/>
  <testcase classname="mobileWorld.order" name="Order" time="6.349"/>
  <system-out/>
</testsuite> <!-- mobileWorld.order -->
