<?xml version="1.0" encoding="UTF-8"?>
<!-- Generated by org.testng.reporters.JUnitReportReporter -->
<testsuite hostname="QT-INBG-LT0236" failures="0" tests="2" name="mobileWorld.contactus" time="11.267" errors="0" timestamp="2022-06-17T06:36:18 IST" skipped="0">
  <testcase classname="mobileWorld.contactus" name="Lanching_the_Browser" time="6.949"/>
  <system-out/>
  <testcase classname="mobileWorld.contactus" name="contactUs" time="4.318"/>
  <system-out/>
</testsuite> <!-- mobileWorld.contactus -->
