<?xml version="1.0" encoding="UTF-8"?>
<!-- Generated by org.testng.reporters.JUnitReportReporter -->
<testsuite hostname="QT-INBG-LT0236" failures="0" tests="1" name="mobileWorld.Demo" time="19.789" errors="0" timestamp="2022-06-16T10:24:28 IST" skipped="0">
  <testcase classname="mobileWorld.Demo" name="demo" time="19.789"/>
  <system-out/>
</testsuite> <!-- mobileWorld.Demo -->
