<?xml version="1.0" encoding="UTF-8"?>
<!-- Generated by org.testng.reporters.JUnitReportReporter -->
<testsuite hostname="QT-INBG-LT0236" failures="0" tests="1" name="mobileWorld.homepage" time="8.061" errors="0" timestamp="2022-06-17T06:36:18 IST" skipped="0">
  <testcase classname="mobileWorld.homepage" name="Lanching_the_Browser" time="8.061"/>
  <system-out/>
</testsuite> <!-- mobileWorld.homepage -->
